This file contains any messages produced by compilers while
running configure, to aid debugging if configure makes a mistake.

It was created by hello configure 1, which was
generated by GNU Autoconf 2.69.  Invocation command line was

  $ ./configure 

## --------- ##
## Platform. ##
## --------- ##

hostname = yango3s-MacBook-Pro.local
uname -m = x86_64
uname -r = 18.6.0
uname -s = Darwin
uname -v = Darwin Kernel Version 18.6.0: Thu Apr 25 23:16:27 PDT 2019; root:xnu-4903.261.4~2/RELEASE_X86_64

/usr/bin/uname -p = i386
/bin/uname -X     = unknown

/bin/arch              = unknown
/usr/bin/arch -k       = unknown
/usr/convex/getsysinfo = unknown
/usr/bin/hostinfo      = Mach kernel version:
	 Darwin Kernel Version 18.6.0: Thu Apr 25 23:16:27 PDT 2019; root:xnu-4903.261.4~2/RELEASE_X86_64
Kernel configured for up to 8 processors.
4 processors are physically available.
8 processors are logically available.
Processor type: x86_64h (Intel x86-64h Haswell)
Processors active: 0 1 2 3 4 5 6 7
Primary memory available: 16.00 gigabytes
Default processor set: 534 tasks, 2749 threads, 8 processors
Load average: 2.47, Mach factor: 5.52
/bin/machine           = unknown
/usr/bin/oslevel       = unknown
/bin/universe          = unknown

PATH: /usr/local/bin
PATH: /usr/local/sbin
PATH: /Users/yango3/.nvm/versions/node/v10.15.3/bin
PATH: /usr/local/bin
PATH: /usr/bin
PATH: /bin
PATH: /usr/sbin
PATH: /sbin
PATH: /Library/TeX/texbin
PATH: /opt/X11/bin
PATH: /usr/local/sbin
PATH: /Users/yango3/.nvm/versions/node/v10.15.3/bin


## ----------- ##
## Core tests. ##
## ----------- ##

configure:1837: checking for gcc
configure:1853: found /usr/bin/gcc
configure:1864: result: gcc
configure:2093: checking for C compiler version
configure:2102: gcc --version >&5
Apple LLVM version 10.0.1 (clang-1001.0.46.4)
Target: x86_64-apple-darwin18.6.0
Thread model: posix
InstalledDir: /Library/Developer/CommandLineTools/usr/bin
Configured with: --prefix=/Library/Developer/CommandLineTools/usr --with-gxx-include-dir=/Library/Developer/CommandLineTools/SDKs/MacOSX10.14.sdk/usr/include/c++/4.2.1
configure:2113: $? = 0
configure:2102: gcc -v >&5
Configured with: --prefix=/Library/Developer/CommandLineTools/usr --with-gxx-include-dir=/Library/Developer/CommandLineTools/SDKs/MacOSX10.14.sdk/usr/include/c++/4.2.1
Apple LLVM version 10.0.1 (clang-1001.0.46.4)
Target: x86_64-apple-darwin18.6.0
Thread model: posix
InstalledDir: /Library/Developer/CommandLineTools/usr/bin
configure:2113: $? = 0
configure:2102: gcc -V >&5
clang: error: unsupported option '-V -Wno-atomic-implicit-seq-cst'
clang: error: no input files
configure:2113: $? = 1
configure:2102: gcc -qversion >&5
clang: error: unknown argument '-qversion', did you mean '--version'?
clang: error: no input files
configure:2113: $? = 1
configure:2133: checking whether the C compiler works
configure:2155: gcc    conftest.c  >&5
configure:2159: $? = 0
configure:2207: result: yes
configure:2210: checking for C compiler default output file name
configure:2212: result: a.out
configure:2218: checking for suffix of executables
configure:2225: gcc -o conftest    conftest.c  >&5
configure:2229: $? = 0
configure:2251: result: 
configure:2273: checking whether we are cross compiling
configure:2281: gcc -o conftest    conftest.c  >&5
configure:2285: $? = 0
configure:2292: ./conftest
configure:2296: $? = 0
configure:2311: result: no
configure:2316: checking for suffix of object files
configure:2338: gcc -c   conftest.c >&5
configure:2342: $? = 0
configure:2363: result: o
configure:2367: checking whether we are using the GNU C compiler
configure:2386: gcc -c   conftest.c >&5
configure:2386: $? = 0
configure:2395: result: yes
configure:2404: checking whether gcc accepts -g
configure:2424: gcc -c -g  conftest.c >&5
configure:2424: $? = 0
configure:2465: result: yes
configure:2482: checking for gcc option to accept ISO C89
configure:2545: gcc  -c -g -O2  conftest.c >&5
configure:2545: $? = 0
configure:2558: result: none needed
configure:2615: checking whether gcc understands -c and -o together
configure:2637: gcc -c conftest.c -o conftest2.o
configure:2640: $? = 0
configure:2637: gcc -c conftest.c -o conftest2.o
configure:2640: $? = 0
configure:2652: result: yes
configure:2685: checking for a BSD-compatible install
configure:2753: result: /usr/bin/install -c
configure:2764: checking whether build environment is sane
configure:2819: result: yes
configure:2967: checking for a thread-safe mkdir -p
configure:3006: result: ./install-sh -c -d
configure:3013: checking for gawk
configure:3043: result: no
configure:3013: checking for mawk
configure:3043: result: no
configure:3013: checking for nawk
configure:3043: result: no
configure:3013: checking for awk
configure:3029: found /usr/bin/awk
configure:3040: result: awk
configure:3051: checking whether make sets $(MAKE)
configure:3073: result: yes
configure:3095: checking whether make supports the include directive
configure:3110: make -f confmf.GNU && cat confinc.out
this is the am__doit target
configure:3113: $? = 0
configure:3132: result: yes (GNU style)
configure:3165: checking whether make supports nested variables
configure:3182: result: yes
configure:3267: checking dependency style of gcc
configure:3378: result: gcc3
configure:3556: checking that generated files are newer than configure
configure:3562: result: done
configure:3585: creating ./config.status

## ---------------------- ##
## Running config.status. ##
## ---------------------- ##

This file was extended by hello config.status 1, which was
generated by GNU Autoconf 2.69.  Invocation command line was

  CONFIG_FILES    = 
  CONFIG_HEADERS  = 
  CONFIG_LINKS    = 
  CONFIG_COMMANDS = 
  $ ./config.status 

on yango3s-MacBook-Pro.local

config.status:839: creating Makefile
config.status:839: creating config.h
config.status:1068: executing depfiles commands
config.status:1145: cd .       && sed -e '/# am--include-marker/d' Makefile         | make -f - am--depfiles
config.status:1150: $? = 0

## ---------------- ##
## Cache variables. ##
## ---------------- ##

ac_cv_c_compiler_gnu=yes
ac_cv_env_CC_set=
ac_cv_env_CC_value=
ac_cv_env_CFLAGS_set=
ac_cv_env_CFLAGS_value=
ac_cv_env_CPPFLAGS_set=
ac_cv_env_CPPFLAGS_value=
ac_cv_env_LDFLAGS_set=
ac_cv_env_LDFLAGS_value=
ac_cv_env_LIBS_set=
ac_cv_env_LIBS_value=
ac_cv_env_build_alias_set=
ac_cv_env_build_alias_value=
ac_cv_env_host_alias_set=
ac_cv_env_host_alias_value=
ac_cv_env_target_alias_set=
ac_cv_env_target_alias_value=
ac_cv_objext=o
ac_cv_path_install='/usr/bin/install -c'
ac_cv_prog_AWK=awk
ac_cv_prog_ac_ct_CC=gcc
ac_cv_prog_cc_c89=
ac_cv_prog_cc_g=yes
ac_cv_prog_make_make_set=yes
am_cv_CC_dependencies_compiler_type=gcc3
am_cv_make_support_nested_variables=yes
am_cv_prog_cc_c_o=yes

## ----------------- ##
## Output variables. ##
## ----------------- ##

ACLOCAL='${SHELL} /Users/yango3/Documents/yangjun/project/make-prj/study-make-prj/autotool/autodemo2/missing aclocal-1.16'
AMDEPBACKSLASH='\'
AMDEP_FALSE='#'
AMDEP_TRUE=''
AMTAR='$${TAR-tar}'
AM_BACKSLASH='\'
AM_DEFAULT_V='$(AM_DEFAULT_VERBOSITY)'
AM_DEFAULT_VERBOSITY='1'
AM_V='$(V)'
AUTOCONF='${SHELL} /Users/yango3/Documents/yangjun/project/make-prj/study-make-prj/autotool/autodemo2/missing autoconf'
AUTOHEADER='${SHELL} /Users/yango3/Documents/yangjun/project/make-prj/study-make-prj/autotool/autodemo2/missing autoheader'
AUTOMAKE='${SHELL} /Users/yango3/Documents/yangjun/project/make-prj/study-make-prj/autotool/autodemo2/missing automake-1.16'
AWK='awk'
CC='gcc'
CCDEPMODE='depmode=gcc3'
CFLAGS='-g -O2'
CPPFLAGS=''
CYGPATH_W='echo'
DEFS='-DHAVE_CONFIG_H'
DEPDIR='.deps'
ECHO_C='\c'
ECHO_N=''
ECHO_T=''
EXEEXT=''
INSTALL_DATA='${INSTALL} -m 644'
INSTALL_PROGRAM='${INSTALL}'
INSTALL_SCRIPT='${INSTALL}'
INSTALL_STRIP_PROGRAM='$(install_sh) -c -s'
LDFLAGS=''
LIBOBJS=''
LIBS=''
LTLIBOBJS=''
MAKEINFO='${SHELL} /Users/yango3/Documents/yangjun/project/make-prj/study-make-prj/autotool/autodemo2/missing makeinfo'
MKDIR_P='./install-sh -c -d'
OBJEXT='o'
PACKAGE='hello'
PACKAGE_BUGREPORT=''
PACKAGE_NAME='hello'
PACKAGE_STRING='hello 1'
PACKAGE_TARNAME='hello'
PACKAGE_URL=''
PACKAGE_VERSION='1'
PATH_SEPARATOR=':'
SET_MAKE=''
SHELL='/bin/sh'
STRIP=''
VERSION='1'
ac_ct_CC='gcc'
am__EXEEXT_FALSE=''
am__EXEEXT_TRUE='#'
am__fastdepCC_FALSE='#'
am__fastdepCC_TRUE=''
am__include='include'
am__isrc=''
am__leading_dot='.'
am__nodep='_no'
am__quote=''
am__tar='$${TAR-tar} chof - "$$tardir"'
am__untar='$${TAR-tar} xf -'
bindir='${exec_prefix}/bin'
build_alias=''
datadir='${datarootdir}'
datarootdir='${prefix}/share'
docdir='${datarootdir}/doc/${PACKAGE_TARNAME}'
dvidir='${docdir}'
exec_prefix='${prefix}'
host_alias=''
htmldir='${docdir}'
includedir='${prefix}/include'
infodir='${datarootdir}/info'
install_sh='${SHELL} /Users/yango3/Documents/yangjun/project/make-prj/study-make-prj/autotool/autodemo2/install-sh'
libdir='${exec_prefix}/lib'
libexecdir='${exec_prefix}/libexec'
localedir='${datarootdir}/locale'
localstatedir='${prefix}/var'
mandir='${datarootdir}/man'
mkdir_p='$(MKDIR_P)'
oldincludedir='/usr/include'
pdfdir='${docdir}'
prefix='/usr/local'
program_transform_name='s,x,x,'
psdir='${docdir}'
sbindir='${exec_prefix}/sbin'
sharedstatedir='${prefix}/com'
sysconfdir='${prefix}/etc'
target_alias=''

## ----------- ##
## confdefs.h. ##
## ----------- ##

/* confdefs.h */
#define PACKAGE_NAME "hello"
#define PACKAGE_TARNAME "hello"
#define PACKAGE_VERSION "1"
#define PACKAGE_STRING "hello 1"
#define PACKAGE_BUGREPORT ""
#define PACKAGE_URL ""
#define PACKAGE "hello"
#define VERSION "1"

configure: exit 0
